22:21:45 [App     ] Build date: May 11 2019, 00:08:57
22:21:45 [App     ] CPU: Intel(R) Core(TM) i7-8700 CPU @ 3.20GHz
22:21:45 [App     ] RAM: 31.31GB Physical Memory 975.00MB Virtual Memory
22:21:45 [App     ] OS: Linux 4.15.0-50-generic (x86_64)
22:21:45 [App     ] SSE & AVX compatible CPU & OS detected
22:21:45 [App     ] Command line: data/test/dense_result/reconstruction_sequential/scene.mvs
22:21:45 [App     ] MapSMtoCores for SM 6.1 is undefined; default to use 128 cores/SM
22:21:45 [App     ] CUDA device 0 initialized: GeForce GTX 1060 6GB (compute capability 6.1; memory 5.93GB)
22:21:45 [App     ] Camera model loaded: platform 0; camera  0; f 0.779x0.779; poses 6
22:21:45 [App     ] Image loaded   0: IMG_20190525_220823.jpg
22:21:45 [App     ] Image loaded   1: IMG_20190525_220831.jpg
22:21:45 [App     ] Image loaded   2: IMG_20190525_220836.jpg
22:21:45 [App     ] Image loaded   3: IMG_20190525_220842.jpg
22:21:45 [App     ] Image loaded   4: IMG_20190525_220847.jpg
22:21:45 [App     ] Image loaded   5: IMG_20190525_220915.jpg
22:21:45 [App     ] Scene loaded from interface format (10ms):
	6 images (6 calibrated) with a total of 69.58 MPixels (11.60 MPixels/image)
	1736 points, 0 vertices, 0 faces
22:21:45 [App     ] Preparing images for dense reconstruction completed: 6 images (101ms)
22:21:45 [App     ] Selecting images for dense reconstruction completed: 6 images (9ms)
22:21:45 [App     ] Reference image   4 paired with 4 views
22:21:45 [App     ] Reference image   0 paired with 3 views
22:21:48 [App     ] Reference image   1 paired with 3 views
22:21:51 [App     ] Reference image   3 paired with 3 views
22:22:43 [App     ] Depth-map for image   4 estimated using  4 images: 2016x1508 (58s511ms)
22:22:46 [App     ] Reference image   5 paired with 4 views
22:23:34 [App     ] Depth-map for image   3 estimated using  3 images: 2016x1508 (50s343ms)
22:23:36 [App     ] Reference image   2 paired with 4 views
22:24:31 [App     ] Depth-map for image   5 estimated using  4 images: 2016x1508 (57s311ms)
22:24:33 [App     ] Depth map   1 filtered using 3 other images: 649150/649150 depths discarded (419ms)
22:24:34 [App     ] Depth map   0 filtered using 3 other images: 2815292/2815292 depths discarded (673ms)
22:24:34 [App     ] Depth map   3 filtered using 3 other images: 1256465/2125485 depths discarded (794ms)
22:24:34 [App     ] Depth map   2 filtered using 4 other images: 2261612/2261612 depths discarded (809ms)
22:24:34 [App     ] Depth map   4 filtered using 4 other images: 1182655/2273953 depths discarded (930ms)
22:24:34 [App     ] Depth map   5 filtered using 5 other images: 1229834/2361239 depths discarded (1s52ms)
22:24:40 [App     ] Depth-maps fused and filtered: 6 depth-maps, 3091723 depths, 450376 points (15%%) (3s32ms)
22:24:40 [App     ] Densifying point-cloud completed: 450376 points (2m54s789ms)
22:24:40 [App     ] Scene saved (601ms):
	6 images (6 calibrated)
	450376 points, 0 vertices, 0 faces
22:24:40 [App     ] Point-cloud saved: 450376 points (45ms)
22:24:40 [App     ] MEMORYINFO: {
22:24:40 [App     ] 	VmPeak:	16104860 kB
22:24:40 [App     ] 	VmSize:	15589104 kB
22:24:40 [App     ] } ENDINFO
